<?xml version="1.0" encoding="UTF-8"?>
<testsuite xmlns:xsi="http://www.w3.org/2001/XMLSchema-instance" xsi:noNamespaceSchemaLocation="https://maven.apache.org/surefire/maven-surefire-plugin/xsd/surefire-test-report.xsd" name="cn.tms.Test" time="0.008" tests="1" errors="1" skipped="0" failures="0">
  <properties>
[...]
</properties>
  <testcase name="test" classname="cn.tms.Test" time="0.005">
    <error type="java.lang.NullPointerException">java.lang.NullPointerException
	at cn.tms.Test.test(Test.java:19)
</error>
  </testcase>
</testsuite>