<?xml version="1.0" encoding="UTF-8"?>
<testsuite xmlns:xsi="http://www.w3.org/2001/XMLSchema-instance" xsi:noNamespaceSchemaLocation="https://maven.apache.org/surefire/maven-surefire-plugin/xsd/surefire-test-report.xsd" name="cn.hwq.Test01" time="0.72" tests="1" errors="1" skipped="0" failures="0">
  <properties>
[...]
</properties>
  <testcase name="testSuggestion" classname="cn.hwq.Test01" time="0.717">
    <error message="A JSONObject text must begin with &apos;{&apos; at 1 [character 2 line 1]" type="cn.hutool.json.JSONException">cn.hutool.json.JSONException: A JSONObject text must begin with '{' at 1 [character 2 line 1]
	at cn.hwq.Test01.testSuggestion(Test01.java:38)
</error>
  </testcase>
</testsuite>